<?xml version="1.0" encoding="UTF-8"?>
<!-- Generated by org.testng.reporters.JUnitReportReporter -->
<testsuite skipped="0" hostname="W106D9T1Z2" name="ChromeTest2" tests="1" failures="0" timestamp="2020-01-25T11:07:16 SGT" time="18.769" errors="0">
  <testcase name="Test2" time="18.769" classname="ChromeTest2"/>
</testsuite> <!-- ChromeTest2 -->
